channel, 2*J, 2*T, parity= 1  2  0  1
state # 1 energy=   -1.8688
state # 2 energy=    9.8650
state # 3 energy=   15.2075
channel, 2*J, 2*T, parity= 2  6  0  1
state # 1 energy=   14.8624
state # 2 energy=   31.3903
state # 3 energy=   38.2647
channel, 2*J, 2*T, parity= 3  4  0  1
state # 1 energy=   14.4088
state # 2 energy=   36.1401
state # 3 energy=   69.8617
Ji= 1  Ti= 0  Ex (MeV)=   -1.8688  Jf= 1  Tf= 0  Ex (MeV)=   -1.8688
Rp=  1.6064  Rn=  1.6064  Rm=  1.6064
E1p=  0.0000  E1n= -0.0000  BE1=  0.0000
E2p=  0.2162  E2n=  0.2162  BE2=  0.0467
pl=  0.0183  nl=  0.0183  ps=  0.3272  ns=  0.3272  M1=  0.5941  BM1=  0.3529
Ji= 1  Ti= 0  Ex (MeV)=   -1.8688  Jf= 1  Tf= 0  Ex (MeV)=    9.8650
Rp=  1.6326  Rn=  1.6326  Rm=  1.6326
E1p=  0.0000  E1n= -0.0000  BE1=  0.0000
E2p=  0.0079  E2n=  0.0079  BE2=  0.0001
pl= -0.0116  nl= -0.0116  ps=  0.0116  ns=  0.0116  M1=  0.0088  BM1=  0.0001
Ji= 1  Ti= 0  Ex (MeV)=   -1.8688  Jf= 1  Tf= 0  Ex (MeV)=   15.2075
Rp=  0.5474  Rn=  0.5474  Rm=  0.5474
E1p=  0.0000  E1n= -0.0000  BE1=  0.0000
E2p=  0.9205  E2n=  0.9205  BE2=  0.8473
pl=  0.0358  nl=  0.0358  ps= -0.0358  ns= -0.0358  M1= -0.0272  BM1=  0.0007
Ji= 1  Ti= 0  Ex (MeV)=   -1.8688  Jf= 3  Tf= 0  Ex (MeV)=   14.8624
Rp=  0.0000  Rn=  0.0000  Rm=  0.0000
E1p=  0.0000  E1n= -0.0000  BE1=  0.0000
E2p=  1.5204  E2n=  1.5204  BE2=  2.3117
pl=  0.0000  nl=  0.0000  ps=  0.0000  ns=  0.0000  M1=  0.0000  BM1=  0.0000
Ji= 1  Ti= 0  Ex (MeV)=   -1.8688  Jf= 3  Tf= 0  Ex (MeV)=   31.3903
Rp=  0.0000  Rn=  0.0000  Rm=  0.0000
E1p=  0.0000  E1n= -0.0000  BE1=  0.0000
E2p=  0.1374  E2n=  0.1374  BE2=  0.0189
pl=  0.0000  nl=  0.0000  ps=  0.0000  ns=  0.0000  M1=  0.0000  BM1=  0.0000
Ji= 1  Ti= 0  Ex (MeV)=   -1.8688  Jf= 3  Tf= 0  Ex (MeV)=   38.2647
Rp=  0.0000  Rn=  0.0000  Rm=  0.0000
E1p=  0.0000  E1n= -0.0000  BE1=  0.0000
E2p=  0.3063  E2n=  0.3063  BE2=  0.0938
pl=  0.0000  nl=  0.0000  ps=  0.0000  ns=  0.0000  M1=  0.0000  BM1=  0.0000
Ji= 1  Ti= 0  Ex (MeV)=   -1.8688  Jf= 2  Tf= 0  Ex (MeV)=   14.4088
Rp=  0.0000  Rn=  0.0000  Rm=  0.0000
E1p=  0.0000  E1n= -0.0000  BE1=  0.0000
E2p=  1.4253  E2n=  1.4253  BE2=  2.0316
pl=  0.0242  nl=  0.0242  ps= -0.0242  ns= -0.0242  M1= -0.0184  BM1=  0.0003
Ji= 1  Ti= 0  Ex (MeV)=   -1.8688  Jf= 2  Tf= 0  Ex (MeV)=   36.1401
Rp=  0.0000  Rn=  0.0000  Rm=  0.0000
E1p=  0.0000  E1n= -0.0000  BE1=  0.0000
E2p= -0.3254  E2n= -0.3254  BE2=  0.1059
pl= -0.0363  nl= -0.0363  ps=  0.0363  ns=  0.0363  M1=  0.0276  BM1=  0.0008
Ji= 1  Ti= 0  Ex (MeV)=   -1.8688  Jf= 2  Tf= 0  Ex (MeV)=   69.8617
Rp=  0.0000  Rn=  0.0000  Rm=  0.0000
E1p=  0.0000  E1n= -0.0000  BE1=  0.0000
E2p= -0.0935  E2n= -0.0935  BE2=  0.0087
pl= -0.0287  nl= -0.0287  ps=  0.0287  ns=  0.0287  M1=  0.0218  BM1=  0.0005
Ji= 1  Ti= 0  Ex (MeV)=    9.8650  Jf= 1  Tf= 0  Ex (MeV)=   -1.8688
Rp=  1.6326  Rn=  1.6326  Rm=  1.6326
E1p=  0.0000  E1n= -0.0000  BE1=  0.0000
E2p=  0.0079  E2n=  0.0079  BE2=  0.0001
pl= -0.0116  nl= -0.0116  ps=  0.0116  ns=  0.0116  M1=  0.0088  BM1=  0.0001
Ji= 1  Ti= 0  Ex (MeV)=    9.8650  Jf= 1  Tf= 0  Ex (MeV)=    9.8650
Rp=  2.9653  Rn=  2.9653  Rm=  2.9653
E1p=  0.0000  E1n= -0.0000  BE1=  0.0000
E2p= -0.0370  E2n= -0.0370  BE2=  0.0014
pl=  0.0075  nl=  0.0075  ps=  0.3380  ns=  0.3380  M1=  0.6022  BM1=  0.3627
Ji= 1  Ti= 0  Ex (MeV)=    9.8650  Jf= 1  Tf= 0  Ex (MeV)=   15.2075
Rp=  0.2399  Rn=  0.2399  Rm=  0.2399
E1p=  0.0000  E1n= -0.0000  BE1=  0.0000
E2p=  2.6351  E2n=  2.6351  BE2=  6.9440
pl= -0.0177  nl= -0.0177  ps=  0.0177  ns=  0.0177  M1=  0.0135  BM1=  0.0002
Ji= 1  Ti= 0  Ex (MeV)=    9.8650  Jf= 3  Tf= 0  Ex (MeV)=   14.8624
Rp=  0.0000  Rn=  0.0000  Rm=  0.0000
E1p=  0.0000  E1n= -0.0000  BE1=  0.0000
E2p=  3.9443  E2n=  3.9443  BE2= 15.5574
pl=  0.0000  nl=  0.0000  ps=  0.0000  ns=  0.0000  M1=  0.0000  BM1=  0.0000
Ji= 1  Ti= 0  Ex (MeV)=    9.8650  Jf= 3  Tf= 0  Ex (MeV)=   31.3903
Rp=  0.0000  Rn=  0.0000  Rm=  0.0000
E1p=  0.0000  E1n= -0.0000  BE1=  0.0000
E2p= -0.2109  E2n= -0.2109  BE2=  0.0445
pl=  0.0000  nl=  0.0000  ps=  0.0000  ns=  0.0000  M1=  0.0000  BM1=  0.0000
Ji= 1  Ti= 0  Ex (MeV)=    9.8650  Jf= 3  Tf= 0  Ex (MeV)=   38.2647
Rp=  0.0000  Rn=  0.0000  Rm=  0.0000
E1p=  0.0000  E1n= -0.0000  BE1=  0.0000
E2p= -1.7694  E2n= -1.7694  BE2=  3.1309
pl=  0.0000  nl=  0.0000  ps=  0.0000  ns=  0.0000  M1=  0.0000  BM1=  0.0000
Ji= 1  Ti= 0  Ex (MeV)=    9.8650  Jf= 2  Tf= 0  Ex (MeV)=   14.4088
Rp=  0.0000  Rn=  0.0000  Rm=  0.0000
E1p=  0.0000  E1n= -0.0000  BE1=  0.0000
E2p=  3.2293  E2n=  3.2293  BE2= 10.4282
pl= -0.0125  nl= -0.0125  ps=  0.0125  ns=  0.0125  M1=  0.0095  BM1=  0.0001
Ji= 1  Ti= 0  Ex (MeV)=    9.8650  Jf= 2  Tf= 0  Ex (MeV)=   36.1401
Rp=  0.0000  Rn=  0.0000  Rm=  0.0000
E1p=  0.0000  E1n= -0.0000  BE1=  0.0000
E2p=  1.6746  E2n=  1.6746  BE2=  2.8042
pl=  0.0229  nl=  0.0229  ps= -0.0229  ns= -0.0229  M1= -0.0174  BM1=  0.0003
Ji= 1  Ti= 0  Ex (MeV)=    9.8650  Jf= 2  Tf= 0  Ex (MeV)=   69.8617
Rp=  0.0000  Rn=  0.0000  Rm=  0.0000
E1p=  0.0000  E1n= -0.0000  BE1=  0.0000
E2p= -0.2607  E2n= -0.2607  BE2=  0.0679
pl=  0.0190  nl=  0.0190  ps= -0.0190  ns= -0.0190  M1= -0.0145  BM1=  0.0002
Ji= 1  Ti= 0  Ex (MeV)=   15.2075  Jf= 1  Tf= 0  Ex (MeV)=   -1.8688
Rp=  0.5474  Rn=  0.5474  Rm=  0.5474
E1p=  0.0000  E1n= -0.0000  BE1=  0.0000
E2p=  0.9205  E2n=  0.9205  BE2=  0.8473
pl=  0.0358  nl=  0.0358  ps= -0.0358  ns= -0.0358  M1= -0.0272  BM1=  0.0007
Ji= 1  Ti= 0  Ex (MeV)=   15.2075  Jf= 1  Tf= 0  Ex (MeV)=    9.8650
Rp=  0.2399  Rn=  0.2399  Rm=  0.2399
E1p=  0.0000  E1n= -0.0000  BE1=  0.0000
E2p=  2.6351  E2n=  2.6351  BE2=  6.9440
pl= -0.0177  nl= -0.0177  ps=  0.0177  ns=  0.0177  M1=  0.0135  BM1=  0.0002
Ji= 1  Ti= 0  Ex (MeV)=   15.2075  Jf= 1  Tf= 0  Ex (MeV)=   15.2075
Rp=  3.1670  Rn=  3.1670  Rm=  3.1670
E1p=  0.0000  E1n= -0.0000  BE1=  0.0000
E2p= -1.9710  E2n= -1.9710  BE2=  3.8850
pl=  0.5149  nl=  0.5149  ps= -0.1694  ns= -0.1694  M1=  0.2168  BM1=  0.0470
Ji= 1  Ti= 0  Ex (MeV)=   15.2075  Jf= 3  Tf= 0  Ex (MeV)=   14.8624
Rp=  0.0000  Rn=  0.0000  Rm=  0.0000
E1p=  0.0000  E1n= -0.0000  BE1=  0.0000
E2p= -0.7717  E2n= -0.7717  BE2=  0.5956
pl=  0.0000  nl=  0.0000  ps=  0.0000  ns=  0.0000  M1=  0.0000  BM1=  0.0000
Ji= 1  Ti= 0  Ex (MeV)=   15.2075  Jf= 3  Tf= 0  Ex (MeV)=   31.3903
Rp=  0.0000  Rn=  0.0000  Rm=  0.0000
E1p=  0.0000  E1n= -0.0000  BE1=  0.0000
E2p=  4.7506  E2n=  4.7506  BE2= 22.5686
pl=  0.0000  nl=  0.0000  ps=  0.0000  ns=  0.0000  M1=  0.0000  BM1=  0.0000
Ji= 1  Ti= 0  Ex (MeV)=   15.2075  Jf= 3  Tf= 0  Ex (MeV)=   38.2647
Rp=  0.0000  Rn=  0.0000  Rm=  0.0000
E1p=  0.0000  E1n= -0.0000  BE1=  0.0000
E2p= -0.0122  E2n= -0.0122  BE2=  0.0001
pl=  0.0000  nl=  0.0000  ps=  0.0000  ns=  0.0000  M1=  0.0000  BM1=  0.0000
Ji= 1  Ti= 0  Ex (MeV)=   15.2075  Jf= 2  Tf= 0  Ex (MeV)=   14.4088
Rp=  0.0000  Rn=  0.0000  Rm=  0.0000
E1p=  0.0000  E1n= -0.0000  BE1=  0.0000
E2p=  2.5440  E2n=  2.5440  BE2=  6.4721
pl=  0.2974  nl=  0.2974  ps= -0.2974  ns= -0.2974  M1= -0.2259  BM1=  0.0510
Ji= 1  Ti= 0  Ex (MeV)=   15.2075  Jf= 2  Tf= 0  Ex (MeV)=   36.1401
Rp=  0.0000  Rn=  0.0000  Rm=  0.0000
E1p=  0.0000  E1n= -0.0000  BE1=  0.0000
E2p=  1.1016  E2n=  1.1016  BE2=  1.2136
pl=  0.0206  nl=  0.0206  ps= -0.0206  ns= -0.0206  M1= -0.0157  BM1=  0.0002
Ji= 1  Ti= 0  Ex (MeV)=   15.2075  Jf= 2  Tf= 0  Ex (MeV)=   69.8617
Rp=  0.0000  Rn=  0.0000  Rm=  0.0000
E1p=  0.0000  E1n= -0.0000  BE1=  0.0000
E2p= -0.2499  E2n= -0.2499  BE2=  0.0625
pl=  0.0080  nl=  0.0080  ps= -0.0080  ns= -0.0080  M1= -0.0061  BM1=  0.0000
Ji= 3  Ti= 0  Ex (MeV)=   14.8624  Jf= 1  Tf= 0  Ex (MeV)=   -1.8688
Rp=  0.0000  Rn=  0.0000  Rm=  0.0000
E1p=  0.0000  E1n= -0.0000  BE1=  0.0000
E2p=  0.9953  E2n=  0.9953  BE2=  0.9907
pl=  0.0000  nl=  0.0000  ps=  0.0000  ns=  0.0000  M1=  0.0000  BM1=  0.0000
Ji= 3  Ti= 0  Ex (MeV)=   14.8624  Jf= 1  Tf= 0  Ex (MeV)=    9.8650
Rp=  0.0000  Rn=  0.0000  Rm=  0.0000
E1p=  0.0000  E1n= -0.0000  BE1=  0.0000
E2p=  2.5821  E2n=  2.5821  BE2=  6.6675
pl=  0.0000  nl=  0.0000  ps=  0.0000  ns=  0.0000  M1=  0.0000  BM1=  0.0000
Ji= 3  Ti= 0  Ex (MeV)=   14.8624  Jf= 1  Tf= 0  Ex (MeV)=   15.2075
Rp=  0.0000  Rn=  0.0000  Rm=  0.0000
E1p=  0.0000  E1n= -0.0000  BE1=  0.0000
E2p= -0.5052  E2n= -0.5052  BE2=  0.2552
pl=  0.0000  nl=  0.0000  ps=  0.0000  ns=  0.0000  M1=  0.0000  BM1=  0.0000
Ji= 3  Ti= 0  Ex (MeV)=   14.8624  Jf= 3  Tf= 0  Ex (MeV)=   14.8624
Rp=  3.1439  Rn=  3.1439  Rm=  3.1439
E1p=  0.0000  E1n= -0.0000  BE1=  0.0000
E2p= -2.7462  E2n= -2.7462  BE2=  7.5415
pl=  0.5644  nl=  0.5644  ps=  0.2819  ns=  0.2819  M1=  1.0604  BM1=  1.1245
Ji= 3  Ti= 0  Ex (MeV)=   14.8624  Jf= 3  Tf= 0  Ex (MeV)=   31.3903
Rp=  0.4314  Rn=  0.4314  Rm=  0.4314
E1p=  0.0000  E1n= -0.0000  BE1=  0.0000
E2p=  0.4665  E2n=  0.4665  BE2=  0.2176
pl=  0.0085  nl=  0.0085  ps= -0.0085  ns= -0.0085  M1= -0.0065  BM1=  0.0000
Ji= 3  Ti= 0  Ex (MeV)=   14.8624  Jf= 3  Tf= 0  Ex (MeV)=   38.2647
Rp=  1.8906  Rn=  1.8906  Rm=  1.8906
E1p=  0.0000  E1n= -0.0000  BE1=  0.0000
E2p=  0.9740  E2n=  0.9740  BE2=  0.9486
pl= -0.0002  nl= -0.0002  ps=  0.0002  ns=  0.0002  M1=  0.0001  BM1=  0.0000
Ji= 3  Ti= 0  Ex (MeV)=   14.8624  Jf= 2  Tf= 0  Ex (MeV)=   14.4088
Rp=  0.0000  Rn=  0.0000  Rm=  0.0000
E1p=  0.0000  E1n= -0.0000  BE1=  0.0000
E2p= -1.7855  E2n= -1.7855  BE2=  3.1879
pl= -0.1993  nl= -0.1993  ps=  0.1993  ns=  0.1993  M1=  0.1514  BM1=  0.0229
Ji= 3  Ti= 0  Ex (MeV)=   14.8624  Jf= 2  Tf= 0  Ex (MeV)=   36.1401
Rp=  0.0000  Rn=  0.0000  Rm=  0.0000
E1p=  0.0000  E1n= -0.0000  BE1=  0.0000
E2p= -0.6999  E2n= -0.6999  BE2=  0.4898
pl= -0.0070  nl= -0.0070  ps=  0.0070  ns=  0.0070  M1=  0.0053  BM1=  0.0000
Ji= 3  Ti= 0  Ex (MeV)=   14.8624  Jf= 2  Tf= 0  Ex (MeV)=   69.8617
Rp=  0.0000  Rn=  0.0000  Rm=  0.0000
E1p=  0.0000  E1n= -0.0000  BE1=  0.0000
E2p=  0.1664  E2n=  0.1664  BE2=  0.0277
pl= -0.0022  nl= -0.0022  ps=  0.0022  ns=  0.0022  M1=  0.0017  BM1=  0.0000
Ji= 3  Ti= 0  Ex (MeV)=   31.3903  Jf= 1  Tf= 0  Ex (MeV)=   -1.8688
Rp=  0.0000  Rn=  0.0000  Rm=  0.0000
E1p=  0.0000  E1n= -0.0000  BE1=  0.0000
E2p=  0.0899  E2n=  0.0899  BE2=  0.0081
pl=  0.0000  nl=  0.0000  ps=  0.0000  ns=  0.0000  M1=  0.0000  BM1=  0.0000
Ji= 3  Ti= 0  Ex (MeV)=   31.3903  Jf= 1  Tf= 0  Ex (MeV)=    9.8650
Rp=  0.0000  Rn=  0.0000  Rm=  0.0000
E1p=  0.0000  E1n= -0.0000  BE1=  0.0000
E2p= -0.1380  E2n= -0.1380  BE2=  0.0191
pl=  0.0000  nl=  0.0000  ps=  0.0000  ns=  0.0000  M1=  0.0000  BM1=  0.0000
Ji= 3  Ti= 0  Ex (MeV)=   31.3903  Jf= 1  Tf= 0  Ex (MeV)=   15.2075
Rp=  0.0000  Rn=  0.0000  Rm=  0.0000
E1p=  0.0000  E1n= -0.0000  BE1=  0.0000
E2p=  3.1100  E2n=  3.1100  BE2=  9.6722
pl=  0.0000  nl=  0.0000  ps=  0.0000  ns=  0.0000  M1=  0.0000  BM1=  0.0000
Ji= 3  Ti= 0  Ex (MeV)=   31.3903  Jf= 3  Tf= 0  Ex (MeV)=   14.8624
Rp=  0.4314  Rn=  0.4314  Rm=  0.4314
E1p=  0.0000  E1n= -0.0000  BE1=  0.0000
E2p=  0.4665  E2n=  0.4665  BE2=  0.2176
pl=  0.0085  nl=  0.0085  ps= -0.0085  ns= -0.0085  M1= -0.0065  BM1=  0.0000
Ji= 3  Ti= 0  Ex (MeV)=   31.3903  Jf= 3  Tf= 0  Ex (MeV)=   31.3903
Rp=  3.3334  Rn=  3.3334  Rm=  3.3334
E1p=  0.0000  E1n= -0.0000  BE1=  0.0000
E2p= -3.2659  E2n= -3.2659  BE2= 10.6660
pl=  1.0564  nl=  1.0564  ps= -0.2101  ns= -0.2101  M1=  0.6867  BM1=  0.4716
Ji= 3  Ti= 0  Ex (MeV)=   31.3903  Jf= 3  Tf= 0  Ex (MeV)=   38.2647
Rp=  0.4831  Rn=  0.4831  Rm=  0.4831
E1p=  0.0000  E1n= -0.0000  BE1=  0.0000
E2p= -0.1253  E2n= -0.1253  BE2=  0.0157
pl= -0.0255  nl= -0.0255  ps=  0.0255  ns=  0.0255  M1=  0.0194  BM1=  0.0004
Ji= 3  Ti= 0  Ex (MeV)=   31.3903  Jf= 2  Tf= 0  Ex (MeV)=   14.4088
Rp=  0.0000  Rn=  0.0000  Rm=  0.0000
E1p=  0.0000  E1n= -0.0000  BE1=  0.0000
E2p= -1.5278  E2n= -1.5278  BE2=  2.3341
pl=  0.0031  nl=  0.0031  ps= -0.0031  ns= -0.0031  M1= -0.0023  BM1=  0.0000
Ji= 3  Ti= 0  Ex (MeV)=   31.3903  Jf= 2  Tf= 0  Ex (MeV)=   36.1401
Rp=  0.0000  Rn=  0.0000  Rm=  0.0000
E1p=  0.0000  E1n= -0.0000  BE1=  0.0000
E2p= -0.7374  E2n= -0.7374  BE2=  0.5438
pl=  0.0105  nl=  0.0105  ps= -0.0105  ns= -0.0105  M1= -0.0080  BM1=  0.0001
Ji= 3  Ti= 0  Ex (MeV)=   31.3903  Jf= 2  Tf= 0  Ex (MeV)=   69.8617
Rp=  0.0000  Rn=  0.0000  Rm=  0.0000
E1p=  0.0000  E1n= -0.0000  BE1=  0.0000
E2p=  0.1934  E2n=  0.1934  BE2=  0.0374
pl=  0.0005  nl=  0.0005  ps= -0.0005  ns= -0.0005  M1= -0.0004  BM1=  0.0000
Ji= 3  Ti= 0  Ex (MeV)=   38.2647  Jf= 1  Tf= 0  Ex (MeV)=   -1.8688
Rp=  0.0000  Rn=  0.0000  Rm=  0.0000
E1p=  0.0000  E1n= -0.0000  BE1=  0.0000
E2p=  0.2005  E2n=  0.2005  BE2=  0.0402
pl=  0.0000  nl=  0.0000  ps=  0.0000  ns=  0.0000  M1=  0.0000  BM1=  0.0000
Ji= 3  Ti= 0  Ex (MeV)=   38.2647  Jf= 1  Tf= 0  Ex (MeV)=    9.8650
Rp=  0.0000  Rn=  0.0000  Rm=  0.0000
E1p=  0.0000  E1n= -0.0000  BE1=  0.0000
E2p= -1.1584  E2n= -1.1584  BE2=  1.3418
pl=  0.0000  nl=  0.0000  ps=  0.0000  ns=  0.0000  M1=  0.0000  BM1=  0.0000
Ji= 3  Ti= 0  Ex (MeV)=   38.2647  Jf= 1  Tf= 0  Ex (MeV)=   15.2075
Rp=  0.0000  Rn=  0.0000  Rm=  0.0000
E1p=  0.0000  E1n= -0.0000  BE1=  0.0000
E2p= -0.0080  E2n= -0.0080  BE2=  0.0001
pl=  0.0000  nl=  0.0000  ps=  0.0000  ns=  0.0000  M1=  0.0000  BM1=  0.0000
Ji= 3  Ti= 0  Ex (MeV)=   38.2647  Jf= 3  Tf= 0  Ex (MeV)=   14.8624
Rp=  1.8906  Rn=  1.8906  Rm=  1.8906
E1p=  0.0000  E1n= -0.0000  BE1=  0.0000
E2p=  0.9740  E2n=  0.9740  BE2=  0.9486
pl= -0.0002  nl= -0.0002  ps=  0.0002  ns=  0.0002  M1=  0.0001  BM1=  0.0000
Ji= 3  Ti= 0  Ex (MeV)=   38.2647  Jf= 3  Tf= 0  Ex (MeV)=   31.3903
Rp=  0.4831  Rn=  0.4831  Rm=  0.4831
E1p=  0.0000  E1n= -0.0000  BE1=  0.0000
E2p= -0.1253  E2n= -0.1253  BE2=  0.0157
pl= -0.0255  nl= -0.0255  ps=  0.0255  ns=  0.0255  M1=  0.0194  BM1=  0.0004
Ji= 3  Ti= 0  Ex (MeV)=   38.2647  Jf= 3  Tf= 0  Ex (MeV)=   38.2647
Rp=  2.7488  Rn=  2.7488  Rm=  2.7488
E1p=  0.0000  E1n= -0.0000  BE1=  0.0000
E2p= -2.0705  E2n= -2.0705  BE2=  4.2870
pl=  0.5665  nl=  0.5665  ps=  0.2798  ns=  0.2798  M1=  1.0588  BM1=  1.1211
Ji= 3  Ti= 0  Ex (MeV)=   38.2647  Jf= 2  Tf= 0  Ex (MeV)=   14.4088
Rp=  0.0000  Rn=  0.0000  Rm=  0.0000
E1p=  0.0000  E1n= -0.0000  BE1=  0.0000
E2p=  0.6916  E2n=  0.6916  BE2=  0.4783
pl= -0.0069  nl= -0.0069  ps=  0.0069  ns=  0.0069  M1=  0.0052  BM1=  0.0000
Ji= 3  Ti= 0  Ex (MeV)=   38.2647  Jf= 2  Tf= 0  Ex (MeV)=   36.1401
Rp=  0.0000  Rn=  0.0000  Rm=  0.0000
E1p=  0.0000  E1n= -0.0000  BE1=  0.0000
E2p=  1.4107  E2n=  1.4107  BE2=  1.9902
pl=  0.1983  nl=  0.1983  ps= -0.1983  ns= -0.1983  M1= -0.1506  BM1=  0.0227
Ji= 3  Ti= 0  Ex (MeV)=   38.2647  Jf= 2  Tf= 0  Ex (MeV)=   69.8617
Rp=  0.0000  Rn=  0.0000  Rm=  0.0000
E1p=  0.0000  E1n= -0.0000  BE1=  0.0000
E2p= -0.7107  E2n= -0.7107  BE2=  0.5052
pl= -0.0153  nl= -0.0153  ps=  0.0153  ns=  0.0153  M1=  0.0116  BM1=  0.0001
Ji= 2  Ti= 0  Ex (MeV)=   14.4088  Jf= 1  Tf= 0  Ex (MeV)=   -1.8688
Rp=  0.0000  Rn=  0.0000  Rm=  0.0000
E1p=  0.0000  E1n= -0.0000  BE1=  0.0000
E2p= -1.1041  E2n= -1.1041  BE2=  1.2190
pl= -0.0188  nl= -0.0188  ps=  0.0188  ns=  0.0188  M1=  0.0143  BM1=  0.0002
Ji= 2  Ti= 0  Ex (MeV)=   14.4088  Jf= 1  Tf= 0  Ex (MeV)=    9.8650
Rp=  0.0000  Rn=  0.0000  Rm=  0.0000
E1p=  0.0000  E1n= -0.0000  BE1=  0.0000
E2p= -2.5014  E2n= -2.5014  BE2=  6.2569
pl=  0.0097  nl=  0.0097  ps= -0.0097  ns= -0.0097  M1= -0.0074  BM1=  0.0001
Ji= 2  Ti= 0  Ex (MeV)=   14.4088  Jf= 1  Tf= 0  Ex (MeV)=   15.2075
Rp=  0.0000  Rn=  0.0000  Rm=  0.0000
E1p=  0.0000  E1n= -0.0000  BE1=  0.0000
E2p= -1.9706  E2n= -1.9706  BE2=  3.8833
pl= -0.2304  nl= -0.2304  ps=  0.2304  ns=  0.2304  M1=  0.1750  BM1=  0.0306
Ji= 2  Ti= 0  Ex (MeV)=   14.4088  Jf= 3  Tf= 0  Ex (MeV)=   14.8624
Rp=  0.0000  Rn=  0.0000  Rm=  0.0000
E1p=  0.0000  E1n= -0.0000  BE1=  0.0000
E2p=  2.1126  E2n=  2.1126  BE2=  4.4631
pl=  0.2358  nl=  0.2358  ps= -0.2358  ns= -0.2358  M1= -0.1791  BM1=  0.0321
Ji= 2  Ti= 0  Ex (MeV)=   14.4088  Jf= 3  Tf= 0  Ex (MeV)=   31.3903
Rp=  0.0000  Rn=  0.0000  Rm=  0.0000
E1p=  0.0000  E1n= -0.0000  BE1=  0.0000
E2p=  1.8077  E2n=  1.8077  BE2=  3.2678
pl= -0.0036  nl= -0.0036  ps=  0.0036  ns=  0.0036  M1=  0.0028  BM1=  0.0000
Ji= 2  Ti= 0  Ex (MeV)=   14.4088  Jf= 3  Tf= 0  Ex (MeV)=   38.2647
Rp=  0.0000  Rn=  0.0000  Rm=  0.0000
E1p=  0.0000  E1n= -0.0000  BE1=  0.0000
E2p= -0.8183  E2n= -0.8183  BE2=  0.6696
pl=  0.0081  nl=  0.0081  ps= -0.0081  ns= -0.0081  M1= -0.0062  BM1=  0.0000
Ji= 2  Ti= 0  Ex (MeV)=   14.4088  Jf= 2  Tf= 0  Ex (MeV)=   14.4088
Rp=  3.1069  Rn=  3.1069  Rm=  3.1069
E1p=  0.0000  E1n= -0.0000  BE1=  0.0000
E2p= -1.6273  E2n= -1.6273  BE2=  2.6481
pl=  0.4987  nl=  0.4987  ps=  0.0997  ns=  0.0997  M1=  0.6742  BM1=  0.4545
Ji= 2  Ti= 0  Ex (MeV)=   14.4088  Jf= 2  Tf= 0  Ex (MeV)=   36.1401
Rp=  1.9090  Rn=  1.9090  Rm=  1.9090
E1p=  0.0000  E1n= -0.0000  BE1=  0.0000
E2p= -0.6144  E2n= -0.6144  BE2=  0.3775
pl=  0.0000  nl=  0.0000  ps=  0.0000  ns=  0.0000  M1=  0.0000  BM1=  0.0000
Ji= 2  Ti= 0  Ex (MeV)=   14.4088  Jf= 2  Tf= 0  Ex (MeV)=   69.8617
Rp=  0.9286  Rn=  0.9286  Rm=  0.9286
E1p=  0.0000  E1n= -0.0000  BE1=  0.0000
E2p=  0.1454  E2n=  0.1454  BE2=  0.0211
pl=  0.0000  nl=  0.0000  ps=  0.0000  ns=  0.0000  M1=  0.0000  BM1=  0.0000
Ji= 2  Ti= 0  Ex (MeV)=   36.1401  Jf= 1  Tf= 0  Ex (MeV)=   -1.8688
Rp=  0.0000  Rn=  0.0000  Rm=  0.0000
E1p=  0.0000  E1n= -0.0000  BE1=  0.0000
E2p=  0.2521  E2n=  0.2521  BE2=  0.0635
pl=  0.0281  nl=  0.0281  ps= -0.0281  ns= -0.0281  M1= -0.0213  BM1=  0.0005
Ji= 2  Ti= 0  Ex (MeV)=   36.1401  Jf= 1  Tf= 0  Ex (MeV)=    9.8650
Rp=  0.0000  Rn=  0.0000  Rm=  0.0000
E1p=  0.0000  E1n= -0.0000  BE1=  0.0000
E2p= -1.2971  E2n= -1.2971  BE2=  1.6825
pl= -0.0177  nl= -0.0177  ps=  0.0177  ns=  0.0177  M1=  0.0135  BM1=  0.0002
Ji= 2  Ti= 0  Ex (MeV)=   36.1401  Jf= 1  Tf= 0  Ex (MeV)=   15.2075
Rp=  0.0000  Rn=  0.0000  Rm=  0.0000
E1p=  0.0000  E1n= -0.0000  BE1=  0.0000
E2p= -0.8533  E2n= -0.8533  BE2=  0.7282
pl= -0.0160  nl= -0.0160  ps=  0.0160  ns=  0.0160  M1=  0.0121  BM1=  0.0001
Ji= 2  Ti= 0  Ex (MeV)=   36.1401  Jf= 3  Tf= 0  Ex (MeV)=   14.8624
Rp=  0.0000  Rn=  0.0000  Rm=  0.0000
E1p=  0.0000  E1n= -0.0000  BE1=  0.0000
E2p=  0.8281  E2n=  0.8281  BE2=  0.6858
pl=  0.0083  nl=  0.0083  ps= -0.0083  ns= -0.0083  M1= -0.0063  BM1=  0.0000
Ji= 2  Ti= 0  Ex (MeV)=   36.1401  Jf= 3  Tf= 0  Ex (MeV)=   31.3903
Rp=  0.0000  Rn=  0.0000  Rm=  0.0000
E1p=  0.0000  E1n= -0.0000  BE1=  0.0000
E2p=  0.8725  E2n=  0.8725  BE2=  0.7613
pl= -0.0124  nl= -0.0124  ps=  0.0124  ns=  0.0124  M1=  0.0095  BM1=  0.0001
Ji= 2  Ti= 0  Ex (MeV)=   36.1401  Jf= 3  Tf= 0  Ex (MeV)=   38.2647
Rp=  0.0000  Rn=  0.0000  Rm=  0.0000
E1p=  0.0000  E1n= -0.0000  BE1=  0.0000
E2p= -1.6692  E2n= -1.6692  BE2=  2.7863
pl= -0.2346  nl= -0.2346  ps=  0.2346  ns=  0.2346  M1=  0.1782  BM1=  0.0318
Ji= 2  Ti= 0  Ex (MeV)=   36.1401  Jf= 2  Tf= 0  Ex (MeV)=   14.4088
Rp=  1.9090  Rn=  1.9090  Rm=  1.9090
E1p=  0.0000  E1n= -0.0000  BE1=  0.0000
E2p= -0.6144  E2n= -0.6144  BE2=  0.3775
pl=  0.0000  nl=  0.0000  ps=  0.0000  ns=  0.0000  M1=  0.0000  BM1=  0.0000
Ji= 2  Ti= 0  Ex (MeV)=   36.1401  Jf= 2  Tf= 0  Ex (MeV)=   36.1401
Rp=  2.7036  Rn=  2.7036  Rm=  2.7036
E1p=  0.0000  E1n= -0.0000  BE1=  0.0000
E2p= -1.2323  E2n= -1.2323  BE2=  1.5185
pl=  0.4987  nl=  0.4987  ps=  0.0997  ns=  0.0997  M1=  0.6742  BM1=  0.4545
Ji= 2  Ti= 0  Ex (MeV)=   36.1401  Jf= 2  Tf= 0  Ex (MeV)=   69.8617
Rp=  1.8625  Rn=  1.8625  Rm=  1.8625
E1p=  0.0000  E1n= -0.0000  BE1=  0.0000
E2p=  0.5848  E2n=  0.5848  BE2=  0.3420
pl=  0.0000  nl=  0.0000  ps=  0.0000  ns=  0.0000  M1=  0.0000  BM1=  0.0000
Ji= 2  Ti= 0  Ex (MeV)=   69.8617  Jf= 1  Tf= 0  Ex (MeV)=   -1.8688
Rp=  0.0000  Rn=  0.0000  Rm=  0.0000
E1p=  0.0000  E1n= -0.0000  BE1=  0.0000
E2p=  0.0724  E2n=  0.0724  BE2=  0.0052
pl=  0.0222  nl=  0.0222  ps= -0.0222  ns= -0.0222  M1= -0.0169  BM1=  0.0003
Ji= 2  Ti= 0  Ex (MeV)=   69.8617  Jf= 1  Tf= 0  Ex (MeV)=    9.8650
Rp=  0.0000  Rn=  0.0000  Rm=  0.0000
E1p=  0.0000  E1n= -0.0000  BE1=  0.0000
E2p=  0.2019  E2n=  0.2019  BE2=  0.0408
pl= -0.0147  nl= -0.0147  ps=  0.0147  ns=  0.0147  M1=  0.0112  BM1=  0.0001
Ji= 2  Ti= 0  Ex (MeV)=   69.8617  Jf= 1  Tf= 0  Ex (MeV)=   15.2075
Rp=  0.0000  Rn=  0.0000  Rm=  0.0000
E1p=  0.0000  E1n= -0.0000  BE1=  0.0000
E2p=  0.1936  E2n=  0.1936  BE2=  0.0375
pl= -0.0062  nl= -0.0062  ps=  0.0062  ns=  0.0062  M1=  0.0047  BM1=  0.0000
Ji= 2  Ti= 0  Ex (MeV)=   69.8617  Jf= 3  Tf= 0  Ex (MeV)=   14.8624
Rp=  0.0000  Rn=  0.0000  Rm=  0.0000
E1p=  0.0000  E1n= -0.0000  BE1=  0.0000
E2p= -0.1969  E2n= -0.1969  BE2=  0.0388
pl=  0.0026  nl=  0.0026  ps= -0.0026  ns= -0.0026  M1= -0.0020  BM1=  0.0000
Ji= 2  Ti= 0  Ex (MeV)=   69.8617  Jf= 3  Tf= 0  Ex (MeV)=   31.3903
Rp=  0.0000  Rn=  0.0000  Rm=  0.0000
E1p=  0.0000  E1n= -0.0000  BE1=  0.0000
E2p= -0.2289  E2n= -0.2289  BE2=  0.0524
pl= -0.0006  nl= -0.0006  ps=  0.0006  ns=  0.0006  M1=  0.0004  BM1=  0.0000
Ji= 2  Ti= 0  Ex (MeV)=   69.8617  Jf= 3  Tf= 0  Ex (MeV)=   38.2647
Rp=  0.0000  Rn=  0.0000  Rm=  0.0000
E1p=  0.0000  E1n= -0.0000  BE1=  0.0000
E2p=  0.8410  E2n=  0.8410  BE2=  0.7072
pl=  0.0181  nl=  0.0181  ps= -0.0181  ns= -0.0181  M1= -0.0138  BM1=  0.0002
Ji= 2  Ti= 0  Ex (MeV)=   69.8617  Jf= 2  Tf= 0  Ex (MeV)=   14.4088
Rp=  0.9286  Rn=  0.9286  Rm=  0.9286
E1p=  0.0000  E1n= -0.0000  BE1=  0.0000
E2p=  0.1454  E2n=  0.1454  BE2=  0.0211
pl=  0.0000  nl=  0.0000  ps=  0.0000  ns=  0.0000  M1=  0.0000  BM1=  0.0000
Ji= 2  Ti= 0  Ex (MeV)=   69.8617  Jf= 2  Tf= 0  Ex (MeV)=   36.1401
Rp=  1.8625  Rn=  1.8625  Rm=  1.8625
E1p=  0.0000  E1n= -0.0000  BE1=  0.0000
E2p=  0.5848  E2n=  0.5848  BE2=  0.3420
pl=  0.0000  nl=  0.0000  ps=  0.0000  ns=  0.0000  M1=  0.0000  BM1=  0.0000
Ji= 2  Ti= 0  Ex (MeV)=   69.8617  Jf= 2  Tf= 0  Ex (MeV)=   69.8617
Rp=  2.4221  Rn=  2.4221  Rm=  2.4221
E1p=  0.0000  E1n= -0.0000  BE1=  0.0000
E2p= -0.9890  E2n= -0.9890  BE2=  0.9782
pl=  0.4987  nl=  0.4987  ps=  0.0997  ns=  0.0997  M1=  0.6742  BM1=  0.4545
